[0.011s] Invoking command in '/home/jayanth/ros2_mock_ws/build/mock_serial_robot': CMAKE_PREFIX_PATH=/opt/ros/humble /usr/bin/cmake --build /home/jayanth/ros2_mock_ws/build/mock_serial_robot -- -j4 -l4
[0.036s] -- Found ament_cmake: 1.3.12 (/opt/ros/humble/share/ament_cmake/cmake)
[0.168s] -- Found rclcpp: 16.0.15 (/opt/ros/humble/share/rclcpp/cmake)
[0.198s] -- Found rosidl_generator_c: 3.1.7 (/opt/ros/humble/share/rosidl_generator_c/cmake)
[0.201s] -- Found rosidl_adapter: 3.1.7 (/opt/ros/humble/share/rosidl_adapter/cmake)
[0.207s] -- Found rosidl_generator_cpp: 3.1.7 (/opt/ros/humble/share/rosidl_generator_cpp/cmake)
[0.217s] -- Using all available rosidl_typesupport_c: rosidl_typesupport_fastrtps_c;rosidl_typesupport_introspection_c
[0.230s] -- Using all available rosidl_typesupport_cpp: rosidl_typesupport_fastrtps_cpp;rosidl_typesupport_introspection_cpp
[0.264s] -- Found rmw_implementation_cmake: 6.1.2 (/opt/ros/humble/share/rmw_implementation_cmake/cmake)
[0.266s] -- Found rmw_fastrtps_cpp: 6.2.8 (/opt/ros/humble/share/rmw_fastrtps_cpp/cmake)
[0.376s] -- Using RMW implementation 'rmw_fastrtps_cpp' as default
[0.429s] -- Found hardware_interface: 2.52.0 (/opt/ros/humble/share/hardware_interface/cmake)
[0.577s] -- Found ros2_control: 2.52.0 (/opt/ros/humble/share/ros2_control/cmake)
[0.647s] -- Configuring done
[0.660s] -- Generating done
[0.665s] -- Build files have been written to: /home/jayanth/ros2_mock_ws/build/mock_serial_robot
[0.693s] [35m[1mConsolidate compiler generated dependencies of target mock_system[0m
[0.711s] [ 50%] [32mBuilding CXX object CMakeFiles/mock_system.dir/src/mock_system.cpp.o[0m
[4.129s] [100%] [32m[1mLinking CXX shared library libmock_system.so[0m
[4.276s] [100%] Built target mock_system
[4.287s] Invoked command in '/home/jayanth/ros2_mock_ws/build/mock_serial_robot' returned '0': CMAKE_PREFIX_PATH=/opt/ros/humble /usr/bin/cmake --build /home/jayanth/ros2_mock_ws/build/mock_serial_robot -- -j4 -l4
[4.297s] Invoking command in '/home/jayanth/ros2_mock_ws/build/mock_serial_robot': CMAKE_PREFIX_PATH=/opt/ros/humble /usr/bin/cmake --install /home/jayanth/ros2_mock_ws/build/mock_serial_robot
[4.305s] -- Install configuration: ""
[4.305s] -- Installing: /home/jayanth/ros2_mock_ws/install/mock_serial_robot/share/mock_serial_robot/mock_system_plugin.xml
[4.306s] -- Installing: /home/jayanth/ros2_mock_ws/install/mock_serial_robot/lib/libmock_system.so
[4.307s] -- Set runtime path of "/home/jayanth/ros2_mock_ws/install/mock_serial_robot/lib/libmock_system.so" to ""
[4.307s] -- Up-to-date: /home/jayanth/ros2_mock_ws/install/mock_serial_robot/include
[4.307s] -- Up-to-date: /home/jayanth/ros2_mock_ws/install/mock_serial_robot/include/mock_serial_robot
[4.307s] -- Up-to-date: /home/jayanth/ros2_mock_ws/install/mock_serial_robot/include/mock_serial_robot/mock_system.hpp
[4.307s] -- Up-to-date: /home/jayanth/ros2_mock_ws/install/mock_serial_robot/include/mock_serial_robot/mock_driver.hpp
[4.308s] -- Up-to-date: /home/jayanth/ros2_mock_ws/install/mock_serial_robot/share/mock_serial_robot/mock_system_plugin.xml
[4.308s] -- Up-to-date: /home/jayanth/ros2_mock_ws/install/mock_serial_robot/share/mock_serial_robot/
[4.308s] -- Up-to-date: /home/jayanth/ros2_mock_ws/install/mock_serial_robot/share/mock_serial_robot//mock_robot.launch.py
[4.308s] -- Up-to-date: /home/jayanth/ros2_mock_ws/install/mock_serial_robot/share/mock_serial_robot/
[4.308s] -- Up-to-date: /home/jayanth/ros2_mock_ws/install/mock_serial_robot/share/mock_serial_robot//mock_robot.urdf.xacro
[4.308s] -- Up-to-date: /home/jayanth/ros2_mock_ws/install/mock_serial_robot/share/ament_index/resource_index/package_run_dependencies/mock_serial_robot
[4.308s] -- Up-to-date: /home/jayanth/ros2_mock_ws/install/mock_serial_robot/share/ament_index/resource_index/parent_prefix_path/mock_serial_robot
[4.309s] -- Up-to-date: /home/jayanth/ros2_mock_ws/install/mock_serial_robot/share/mock_serial_robot/environment/ament_prefix_path.sh
[4.309s] -- Installing: /home/jayanth/ros2_mock_ws/install/mock_serial_robot/share/mock_serial_robot/environment/ament_prefix_path.dsv
[4.309s] -- Up-to-date: /home/jayanth/ros2_mock_ws/install/mock_serial_robot/share/mock_serial_robot/environment/path.sh
[4.309s] -- Installing: /home/jayanth/ros2_mock_ws/install/mock_serial_robot/share/mock_serial_robot/environment/path.dsv
[4.309s] -- Up-to-date: /home/jayanth/ros2_mock_ws/install/mock_serial_robot/share/mock_serial_robot/local_setup.bash
[4.309s] -- Up-to-date: /home/jayanth/ros2_mock_ws/install/mock_serial_robot/share/mock_serial_robot/local_setup.sh
[4.309s] -- Up-to-date: /home/jayanth/ros2_mock_ws/install/mock_serial_robot/share/mock_serial_robot/local_setup.zsh
[4.309s] -- Installing: /home/jayanth/ros2_mock_ws/install/mock_serial_robot/share/mock_serial_robot/local_setup.dsv
[4.309s] -- Installing: /home/jayanth/ros2_mock_ws/install/mock_serial_robot/share/mock_serial_robot/package.dsv
[4.310s] -- Up-to-date: /home/jayanth/ros2_mock_ws/install/mock_serial_robot/share/ament_index/resource_index/packages/mock_serial_robot
[4.310s] -- Up-to-date: /home/jayanth/ros2_mock_ws/install/mock_serial_robot/share/ament_index/resource_index/hardware_interface__pluginlib__plugin/mock_serial_robot
[4.310s] -- Up-to-date: /home/jayanth/ros2_mock_ws/install/mock_serial_robot/share/mock_serial_robot/cmake/mock_serial_robotConfig.cmake
[4.310s] -- Up-to-date: /home/jayanth/ros2_mock_ws/install/mock_serial_robot/share/mock_serial_robot/cmake/mock_serial_robotConfig-version.cmake
[4.310s] -- Up-to-date: /home/jayanth/ros2_mock_ws/install/mock_serial_robot/share/mock_serial_robot/package.xml
[4.311s] Invoked command in '/home/jayanth/ros2_mock_ws/build/mock_serial_robot' returned '0': CMAKE_PREFIX_PATH=/opt/ros/humble /usr/bin/cmake --install /home/jayanth/ros2_mock_ws/build/mock_serial_robot
