[0.120s] DEBUG:colcon:Command line arguments: ['/usr/bin/colcon', 'build']
[0.120s] DEBUG:colcon:Parsed command line arguments: Namespace(log_base=None, log_level=None, verb_name='build', build_base='build', install_base='install', merge_install=False, symlink_install=False, test_result_base=None, continue_on_error=False, executor='parallel', parallel_workers=4, event_handlers=None, ignore_user_meta=False, metas=['./colcon.meta'], base_paths=['.'], packages_ignore=None, packages_ignore_regex=None, paths=None, packages_up_to=None, packages_up_to_regex=None, packages_above=None, packages_above_and_dependencies=None, packages_above_depth=None, packages_select_by_dep=None, packages_skip_by_dep=None, packages_skip_up_to=None, packages_select_build_failed=False, packages_skip_build_finished=False, packages_select_test_failures=False, packages_skip_test_passed=False, packages_select=None, packages_skip=None, packages_select_regex=None, packages_skip_regex=None, packages_start=None, packages_end=None, allow_overriding=[], cmake_args=None, cmake_target=None, cmake_target_skip_unavailable=False, cmake_clean_cache=False, cmake_clean_first=False, cmake_force_configure=False, ament_cmake_args=None, catkin_cmake_args=None, catkin_skip_building_tests=False, mixin_files=None, mixin=None, verb_parser=<colcon_mixin.mixin.mixin_argument.MixinArgumentDecorator object at 0x7330a5366d10>, verb_extension=<colcon_core.verb.build.BuildVerb object at 0x7330a5366740>, main=<bound method BuildVerb.main of <colcon_core.verb.build.BuildVerb object at 0x7330a5366740>>, mixin_verb=('build',))
[0.319s] Level 1:colcon.colcon_core.package_discovery:discover_packages(colcon_meta) check parameters
[0.319s] Level 1:colcon.colcon_core.package_discovery:discover_packages(recursive) check parameters
[0.319s] Level 1:colcon.colcon_core.package_discovery:discover_packages(ignore) check parameters
[0.319s] Level 1:colcon.colcon_core.package_discovery:discover_packages(path) check parameters
[0.319s] Level 1:colcon.colcon_core.package_discovery:discover_packages(colcon_meta) discover
[0.320s] Level 1:colcon.colcon_core.package_discovery:discover_packages(recursive) discover
[0.320s] INFO:colcon.colcon_core.package_discovery:Crawling recursively for packages in '/home/jayanth/ros2_mock_ws'
[0.320s] Level 1:colcon.colcon_core.package_identification:_identify(.) by extensions ['ignore', 'ignore_ament_install']
[0.320s] Level 1:colcon.colcon_core.package_identification:_identify(.) by extension 'ignore'
[0.320s] Level 1:colcon.colcon_core.package_identification:_identify(.) by extension 'ignore_ament_install'
[0.320s] Level 1:colcon.colcon_core.package_identification:_identify(.) by extensions ['colcon_pkg']
[0.320s] Level 1:colcon.colcon_core.package_identification:_identify(.) by extension 'colcon_pkg'
[0.320s] Level 1:colcon.colcon_core.package_identification:_identify(.) by extensions ['colcon_meta']
[0.320s] Level 1:colcon.colcon_core.package_identification:_identify(.) by extension 'colcon_meta'
[0.320s] Level 1:colcon.colcon_core.package_identification:_identify(.) by extensions ['ros']
[0.320s] Level 1:colcon.colcon_core.package_identification:_identify(.) by extension 'ros'
[0.342s] Level 1:colcon.colcon_core.package_identification:_identify(.) by extensions ['cmake', 'python']
[0.342s] Level 1:colcon.colcon_core.package_identification:_identify(.) by extension 'cmake'
[0.342s] Level 1:colcon.colcon_core.package_identification:_identify(.) by extension 'python'
[0.342s] Level 1:colcon.colcon_core.package_identification:_identify(.) by extensions ['python_setup_py']
[0.342s] Level 1:colcon.colcon_core.package_identification:_identify(.) by extension 'python_setup_py'
[0.343s] Level 1:colcon.colcon_core.package_identification:_identify(build) by extensions ['ignore', 'ignore_ament_install']
[0.343s] Level 1:colcon.colcon_core.package_identification:_identify(build) by extension 'ignore'
[0.343s] Level 1:colcon.colcon_core.package_identification:_identify(build) ignored
[0.343s] Level 1:colcon.colcon_core.package_identification:_identify(install) by extensions ['ignore', 'ignore_ament_install']
[0.343s] Level 1:colcon.colcon_core.package_identification:_identify(install) by extension 'ignore'
[0.343s] Level 1:colcon.colcon_core.package_identification:_identify(install) ignored
[0.343s] Level 1:colcon.colcon_core.package_identification:_identify(log) by extensions ['ignore', 'ignore_ament_install']
[0.343s] Level 1:colcon.colcon_core.package_identification:_identify(log) by extension 'ignore'
[0.344s] Level 1:colcon.colcon_core.package_identification:_identify(log) ignored
[0.344s] Level 1:colcon.colcon_core.package_identification:_identify(src) by extensions ['ignore', 'ignore_ament_install']
[0.344s] Level 1:colcon.colcon_core.package_identification:_identify(src) by extension 'ignore'
[0.344s] Level 1:colcon.colcon_core.package_identification:_identify(src) by extension 'ignore_ament_install'
[0.344s] Level 1:colcon.colcon_core.package_identification:_identify(src) by extensions ['colcon_pkg']
[0.344s] Level 1:colcon.colcon_core.package_identification:_identify(src) by extension 'colcon_pkg'
[0.344s] Level 1:colcon.colcon_core.package_identification:_identify(src) by extensions ['colcon_meta']
[0.344s] Level 1:colcon.colcon_core.package_identification:_identify(src) by extension 'colcon_meta'
[0.344s] Level 1:colcon.colcon_core.package_identification:_identify(src) by extensions ['ros']
[0.344s] Level 1:colcon.colcon_core.package_identification:_identify(src) by extension 'ros'
[0.344s] Level 1:colcon.colcon_core.package_identification:_identify(src) by extensions ['cmake', 'python']
[0.344s] Level 1:colcon.colcon_core.package_identification:_identify(src) by extension 'cmake'
[0.345s] Level 1:colcon.colcon_core.package_identification:_identify(src) by extension 'python'
[0.345s] Level 1:colcon.colcon_core.package_identification:_identify(src) by extensions ['python_setup_py']
[0.345s] Level 1:colcon.colcon_core.package_identification:_identify(src) by extension 'python_setup_py'
[0.345s] Level 1:colcon.colcon_core.package_identification:_identify(src/mock_serial_robot) by extensions ['ignore', 'ignore_ament_install']
[0.345s] Level 1:colcon.colcon_core.package_identification:_identify(src/mock_serial_robot) by extension 'ignore'
[0.345s] Level 1:colcon.colcon_core.package_identification:_identify(src/mock_serial_robot) by extension 'ignore_ament_install'
[0.345s] Level 1:colcon.colcon_core.package_identification:_identify(src/mock_serial_robot) by extensions ['colcon_pkg']
[0.345s] Level 1:colcon.colcon_core.package_identification:_identify(src/mock_serial_robot) by extension 'colcon_pkg'
[0.345s] Level 1:colcon.colcon_core.package_identification:_identify(src/mock_serial_robot) by extensions ['colcon_meta']
[0.345s] Level 1:colcon.colcon_core.package_identification:_identify(src/mock_serial_robot) by extension 'colcon_meta'
[0.345s] Level 1:colcon.colcon_core.package_identification:_identify(src/mock_serial_robot) by extensions ['ros']
[0.345s] Level 1:colcon.colcon_core.package_identification:_identify(src/mock_serial_robot) by extension 'ros'
[0.349s] DEBUG:colcon.colcon_core.package_identification:Package 'src/mock_serial_robot' with type 'ros.ament_cmake' and name 'mock_serial_robot'
[0.349s] Level 1:colcon.colcon_core.package_discovery:discover_packages(recursive) using defaults
[0.349s] Level 1:colcon.colcon_core.package_discovery:discover_packages(ignore) discover
[0.349s] Level 1:colcon.colcon_core.package_discovery:discover_packages(ignore) using defaults
[0.349s] Level 1:colcon.colcon_core.package_discovery:discover_packages(path) discover
[0.350s] Level 1:colcon.colcon_core.package_discovery:discover_packages(path) using defaults
[0.370s] Level 1:colcon.colcon_core.package_discovery:discover_packages(prefix_path) check parameters
[0.370s] Level 1:colcon.colcon_core.package_discovery:discover_packages(prefix_path) discover
[0.372s] DEBUG:colcon.colcon_installed_package_information.package_discovery:Found 1 installed packages in /home/jayanth/ros2_mock_ws/install
[0.374s] DEBUG:colcon.colcon_installed_package_information.package_discovery:Found 449 installed packages in /opt/ros/humble
[0.377s] Level 1:colcon.colcon_core.package_discovery:discover_packages(prefix_path) using defaults
[0.433s] Level 5:colcon.colcon_core.verb:set package 'mock_serial_robot' build argument 'cmake_args' from command line to 'None'
[0.433s] Level 5:colcon.colcon_core.verb:set package 'mock_serial_robot' build argument 'cmake_target' from command line to 'None'
[0.433s] Level 5:colcon.colcon_core.verb:set package 'mock_serial_robot' build argument 'cmake_target_skip_unavailable' from command line to 'False'
[0.433s] Level 5:colcon.colcon_core.verb:set package 'mock_serial_robot' build argument 'cmake_clean_cache' from command line to 'False'
[0.433s] Level 5:colcon.colcon_core.verb:set package 'mock_serial_robot' build argument 'cmake_clean_first' from command line to 'False'
[0.433s] Level 5:colcon.colcon_core.verb:set package 'mock_serial_robot' build argument 'cmake_force_configure' from command line to 'False'
[0.433s] Level 5:colcon.colcon_core.verb:set package 'mock_serial_robot' build argument 'ament_cmake_args' from command line to 'None'
[0.433s] Level 5:colcon.colcon_core.verb:set package 'mock_serial_robot' build argument 'catkin_cmake_args' from command line to 'None'
[0.434s] Level 5:colcon.colcon_core.verb:set package 'mock_serial_robot' build argument 'catkin_skip_building_tests' from command line to 'False'
[0.434s] DEBUG:colcon.colcon_core.verb:Building package 'mock_serial_robot' with the following arguments: {'ament_cmake_args': None, 'build_base': '/home/jayanth/ros2_mock_ws/build/mock_serial_robot', 'catkin_cmake_args': None, 'catkin_skip_building_tests': False, 'cmake_args': None, 'cmake_clean_cache': False, 'cmake_clean_first': False, 'cmake_force_configure': False, 'cmake_target': None, 'cmake_target_skip_unavailable': False, 'install_base': '/home/jayanth/ros2_mock_ws/install/mock_serial_robot', 'merge_install': False, 'path': '/home/jayanth/ros2_mock_ws/src/mock_serial_robot', 'symlink_install': False, 'test_result_base': None}
[0.434s] INFO:colcon.colcon_core.executor:Executing jobs using 'parallel' executor
[0.435s] DEBUG:colcon.colcon_parallel_executor.executor.parallel:run_until_complete
[0.435s] INFO:colcon.colcon_ros.task.ament_cmake.build:Building ROS package in '/home/jayanth/ros2_mock_ws/src/mock_serial_robot' with build type 'ament_cmake'
[0.435s] INFO:colcon.colcon_cmake.task.cmake.build:Building CMake package in '/home/jayanth/ros2_mock_ws/src/mock_serial_robot'
[0.438s] INFO:colcon.colcon_core.plugin_system:Skipping extension 'colcon_core.shell.bat': Not used on non-Windows systems
[0.438s] INFO:colcon.colcon_core.shell:Skip shell extension 'powershell' for command environment: Not usable outside of PowerShell
[0.438s] DEBUG:colcon.colcon_core.shell:Skip shell extension 'dsv' for command environment
[0.447s] DEBUG:colcon.colcon_core.event_handler.log_command:Invoking command in '/home/jayanth/ros2_mock_ws/build/mock_serial_robot': CMAKE_PREFIX_PATH=${CMAKE_PREFIX_PATH}:/opt/ros/humble /usr/bin/cmake --build /home/jayanth/ros2_mock_ws/build/mock_serial_robot -- -j4 -l4
[0.520s] DEBUG:colcon.colcon_core.event_handler.log_command:Invoked command in '/home/jayanth/ros2_mock_ws/build/mock_serial_robot' returned '0': CMAKE_PREFIX_PATH=${CMAKE_PREFIX_PATH}:/opt/ros/humble /usr/bin/cmake --build /home/jayanth/ros2_mock_ws/build/mock_serial_robot -- -j4 -l4
[0.531s] DEBUG:colcon.colcon_core.event_handler.log_command:Invoking command in '/home/jayanth/ros2_mock_ws/build/mock_serial_robot': CMAKE_PREFIX_PATH=${CMAKE_PREFIX_PATH}:/opt/ros/humble /usr/bin/cmake --install /home/jayanth/ros2_mock_ws/build/mock_serial_robot
[0.543s] Level 1:colcon.colcon_core.environment:create_environment_scripts_only(mock_serial_robot)
[0.544s] DEBUG:colcon.colcon_core.event_handler.log_command:Invoked command in '/home/jayanth/ros2_mock_ws/build/mock_serial_robot' returned '0': CMAKE_PREFIX_PATH=${CMAKE_PREFIX_PATH}:/opt/ros/humble /usr/bin/cmake --install /home/jayanth/ros2_mock_ws/build/mock_serial_robot
[0.547s] Level 1:colcon.colcon_core.environment:checking '/home/jayanth/ros2_mock_ws/install/mock_serial_robot' for CMake module files
[0.547s] Level 1:colcon.colcon_core.environment:checking '/home/jayanth/ros2_mock_ws/install/mock_serial_robot' for CMake config files
[0.548s] Level 1:colcon.colcon_core.shell:create_environment_hook('mock_serial_robot', 'cmake_prefix_path')
[0.548s] INFO:colcon.colcon_core.shell:Creating environment hook '/home/jayanth/ros2_mock_ws/install/mock_serial_robot/share/mock_serial_robot/hook/cmake_prefix_path.ps1'
[0.549s] INFO:colcon.colcon_core.shell:Creating environment descriptor '/home/jayanth/ros2_mock_ws/install/mock_serial_robot/share/mock_serial_robot/hook/cmake_prefix_path.dsv'
[0.550s] INFO:colcon.colcon_core.shell:Creating environment hook '/home/jayanth/ros2_mock_ws/install/mock_serial_robot/share/mock_serial_robot/hook/cmake_prefix_path.sh'
[0.551s] Level 1:colcon.colcon_core.environment:checking '/home/jayanth/ros2_mock_ws/install/mock_serial_robot/lib'
[0.551s] Level 1:colcon.colcon_core.shell:create_environment_hook('mock_serial_robot', 'ld_library_path_lib')
[0.552s] INFO:colcon.colcon_core.shell:Creating environment hook '/home/jayanth/ros2_mock_ws/install/mock_serial_robot/share/mock_serial_robot/hook/ld_library_path_lib.ps1'
[0.553s] INFO:colcon.colcon_core.shell:Creating environment descriptor '/home/jayanth/ros2_mock_ws/install/mock_serial_robot/share/mock_serial_robot/hook/ld_library_path_lib.dsv'
[0.553s] INFO:colcon.colcon_core.shell:Creating environment hook '/home/jayanth/ros2_mock_ws/install/mock_serial_robot/share/mock_serial_robot/hook/ld_library_path_lib.sh'
[0.554s] Level 1:colcon.colcon_core.environment:checking '/home/jayanth/ros2_mock_ws/install/mock_serial_robot/bin'
[0.554s] Level 1:colcon.colcon_core.environment:checking '/home/jayanth/ros2_mock_ws/install/mock_serial_robot/lib/pkgconfig/mock_serial_robot.pc'
[0.555s] Level 1:colcon.colcon_core.environment:checking '/home/jayanth/ros2_mock_ws/install/mock_serial_robot/lib/python3.10/site-packages'
[0.555s] Level 1:colcon.colcon_core.environment:checking '/home/jayanth/ros2_mock_ws/install/mock_serial_robot/bin'
[0.556s] INFO:colcon.colcon_core.shell:Creating package script '/home/jayanth/ros2_mock_ws/install/mock_serial_robot/share/mock_serial_robot/package.ps1'
[0.557s] INFO:colcon.colcon_core.shell:Creating package descriptor '/home/jayanth/ros2_mock_ws/install/mock_serial_robot/share/mock_serial_robot/package.dsv'
[0.558s] INFO:colcon.colcon_core.shell:Creating package script '/home/jayanth/ros2_mock_ws/install/mock_serial_robot/share/mock_serial_robot/package.sh'
[0.560s] INFO:colcon.colcon_core.shell:Creating package script '/home/jayanth/ros2_mock_ws/install/mock_serial_robot/share/mock_serial_robot/package.bash'
[0.561s] INFO:colcon.colcon_core.shell:Creating package script '/home/jayanth/ros2_mock_ws/install/mock_serial_robot/share/mock_serial_robot/package.zsh'
[0.562s] Level 1:colcon.colcon_core.environment:create_file_with_runtime_dependencies(/home/jayanth/ros2_mock_ws/install/mock_serial_robot/share/colcon-core/packages/mock_serial_robot)
[0.563s] Level 1:colcon.colcon_core.environment:create_environment_scripts_only(mock_serial_robot)
[0.563s] Level 1:colcon.colcon_core.environment:checking '/home/jayanth/ros2_mock_ws/install/mock_serial_robot' for CMake module files
[0.564s] Level 1:colcon.colcon_core.environment:checking '/home/jayanth/ros2_mock_ws/install/mock_serial_robot' for CMake config files
[0.564s] Level 1:colcon.colcon_core.shell:create_environment_hook('mock_serial_robot', 'cmake_prefix_path')
[0.565s] INFO:colcon.colcon_core.shell:Creating environment hook '/home/jayanth/ros2_mock_ws/install/mock_serial_robot/share/mock_serial_robot/hook/cmake_prefix_path.ps1'
[0.565s] INFO:colcon.colcon_core.shell:Creating environment descriptor '/home/jayanth/ros2_mock_ws/install/mock_serial_robot/share/mock_serial_robot/hook/cmake_prefix_path.dsv'
[0.566s] INFO:colcon.colcon_core.shell:Creating environment hook '/home/jayanth/ros2_mock_ws/install/mock_serial_robot/share/mock_serial_robot/hook/cmake_prefix_path.sh'
[0.566s] Level 1:colcon.colcon_core.environment:checking '/home/jayanth/ros2_mock_ws/install/mock_serial_robot/lib'
[0.567s] Level 1:colcon.colcon_core.shell:create_environment_hook('mock_serial_robot', 'ld_library_path_lib')
[0.567s] INFO:colcon.colcon_core.shell:Creating environment hook '/home/jayanth/ros2_mock_ws/install/mock_serial_robot/share/mock_serial_robot/hook/ld_library_path_lib.ps1'
[0.567s] INFO:colcon.colcon_core.shell:Creating environment descriptor '/home/jayanth/ros2_mock_ws/install/mock_serial_robot/share/mock_serial_robot/hook/ld_library_path_lib.dsv'
[0.568s] INFO:colcon.colcon_core.shell:Creating environment hook '/home/jayanth/ros2_mock_ws/install/mock_serial_robot/share/mock_serial_robot/hook/ld_library_path_lib.sh'
[0.569s] Level 1:colcon.colcon_core.environment:checking '/home/jayanth/ros2_mock_ws/install/mock_serial_robot/bin'
[0.569s] Level 1:colcon.colcon_core.environment:checking '/home/jayanth/ros2_mock_ws/install/mock_serial_robot/lib/pkgconfig/mock_serial_robot.pc'
[0.569s] Level 1:colcon.colcon_core.environment:checking '/home/jayanth/ros2_mock_ws/install/mock_serial_robot/lib/python3.10/site-packages'
[0.569s] Level 1:colcon.colcon_core.environment:checking '/home/jayanth/ros2_mock_ws/install/mock_serial_robot/bin'
[0.570s] INFO:colcon.colcon_core.shell:Creating package script '/home/jayanth/ros2_mock_ws/install/mock_serial_robot/share/mock_serial_robot/package.ps1'
[0.571s] INFO:colcon.colcon_core.shell:Creating package descriptor '/home/jayanth/ros2_mock_ws/install/mock_serial_robot/share/mock_serial_robot/package.dsv'
[0.571s] INFO:colcon.colcon_core.shell:Creating package script '/home/jayanth/ros2_mock_ws/install/mock_serial_robot/share/mock_serial_robot/package.sh'
[0.572s] INFO:colcon.colcon_core.shell:Creating package script '/home/jayanth/ros2_mock_ws/install/mock_serial_robot/share/mock_serial_robot/package.bash'
[0.572s] INFO:colcon.colcon_core.shell:Creating package script '/home/jayanth/ros2_mock_ws/install/mock_serial_robot/share/mock_serial_robot/package.zsh'
[0.573s] Level 1:colcon.colcon_core.environment:create_file_with_runtime_dependencies(/home/jayanth/ros2_mock_ws/install/mock_serial_robot/share/colcon-core/packages/mock_serial_robot)
[0.573s] DEBUG:colcon.colcon_parallel_executor.executor.parallel:closing loop
[0.574s] DEBUG:colcon.colcon_parallel_executor.executor.parallel:loop closed
[0.574s] DEBUG:colcon.colcon_parallel_executor.executor.parallel:run_until_complete finished with '0'
[0.574s] DEBUG:colcon.colcon_core.event_reactor:joining thread
[0.579s] INFO:colcon.colcon_core.plugin_system:Skipping extension 'colcon_notification.desktop_notification.terminal_notifier': Not used on non-Darwin systems
[0.579s] INFO:colcon.colcon_core.plugin_system:Skipping extension 'colcon_notification.desktop_notification.win32': Not used on non-Windows systems
[0.579s] INFO:colcon.colcon_notification.desktop_notification:Sending desktop notification using 'notify2'
[0.592s] DEBUG:colcon.colcon_core.event_reactor:joined thread
[0.593s] INFO:colcon.colcon_core.shell:Creating prefix script '/home/jayanth/ros2_mock_ws/install/local_setup.ps1'
[0.594s] INFO:colcon.colcon_core.shell:Creating prefix util module '/home/jayanth/ros2_mock_ws/install/_local_setup_util_ps1.py'
[0.598s] INFO:colcon.colcon_core.shell:Creating prefix chain script '/home/jayanth/ros2_mock_ws/install/setup.ps1'
[0.599s] INFO:colcon.colcon_core.shell:Creating prefix script '/home/jayanth/ros2_mock_ws/install/local_setup.sh'
[0.600s] INFO:colcon.colcon_core.shell:Creating prefix util module '/home/jayanth/ros2_mock_ws/install/_local_setup_util_sh.py'
[0.600s] INFO:colcon.colcon_core.shell:Creating prefix chain script '/home/jayanth/ros2_mock_ws/install/setup.sh'
[0.601s] INFO:colcon.colcon_core.shell:Creating prefix script '/home/jayanth/ros2_mock_ws/install/local_setup.bash'
[0.602s] INFO:colcon.colcon_core.shell:Creating prefix chain script '/home/jayanth/ros2_mock_ws/install/setup.bash'
[0.603s] INFO:colcon.colcon_core.shell:Creating prefix script '/home/jayanth/ros2_mock_ws/install/local_setup.zsh'
[0.604s] INFO:colcon.colcon_core.shell:Creating prefix chain script '/home/jayanth/ros2_mock_ws/install/setup.zsh'
