[100%] Built target mock_system
-- Install configuration: ""
-- Up-to-date: /home/jayanth/ros2_mock_ws/install/mock_serial_robot/share/mock_serial_robot/mock_system_plugin.xml
-- Up-to-date: /home/jayanth/ros2_mock_ws/install/mock_serial_robot/lib/libmock_system.so
-- Up-to-date: /home/jayanth/ros2_mock_ws/install/mock_serial_robot/include
-- Up-to-date: /home/jayanth/ros2_mock_ws/install/mock_serial_robot/include/mock_serial_robot
-- Up-to-date: /home/jayanth/ros2_mock_ws/install/mock_serial_robot/include/mock_serial_robot/mock_system.hpp
-- Up-to-date: /home/jayanth/ros2_mock_ws/install/mock_serial_robot/include/mock_serial_robot/mock_driver.hpp
-- Up-to-date: /home/jayanth/ros2_mock_ws/install/mock_serial_robot/share/mock_serial_robot/mock_system_plugin.xml
-- Up-to-date: /home/jayanth/ros2_mock_ws/install/mock_serial_robot/share/mock_serial_robot/
-- Up-to-date: /home/jayanth/ros2_mock_ws/install/mock_serial_robot/share/mock_serial_robot//mock_robot.launch.py
-- Up-to-date: /home/jayanth/ros2_mock_ws/install/mock_serial_robot/share/mock_serial_robot/
-- Installing: /home/jayanth/ros2_mock_ws/install/mock_serial_robot/share/mock_serial_robot//mock_robot.urdf.xacro
-- Up-to-date: /home/jayanth/ros2_mock_ws/install/mock_serial_robot/share/ament_index/resource_index/package_run_dependencies/mock_serial_robot
-- Up-to-date: /home/jayanth/ros2_mock_ws/install/mock_serial_robot/share/ament_index/resource_index/parent_prefix_path/mock_serial_robot
-- Up-to-date: /home/jayanth/ros2_mock_ws/install/mock_serial_robot/share/mock_serial_robot/environment/ament_prefix_path.sh
-- Up-to-date: /home/jayanth/ros2_mock_ws/install/mock_serial_robot/share/mock_serial_robot/environment/ament_prefix_path.dsv
-- Up-to-date: /home/jayanth/ros2_mock_ws/install/mock_serial_robot/share/mock_serial_robot/environment/path.sh
-- Up-to-date: /home/jayanth/ros2_mock_ws/install/mock_serial_robot/share/mock_serial_robot/environment/path.dsv
-- Up-to-date: /home/jayanth/ros2_mock_ws/install/mock_serial_robot/share/mock_serial_robot/local_setup.bash
-- Up-to-date: /home/jayanth/ros2_mock_ws/install/mock_serial_robot/share/mock_serial_robot/local_setup.sh
-- Up-to-date: /home/jayanth/ros2_mock_ws/install/mock_serial_robot/share/mock_serial_robot/local_setup.zsh
-- Up-to-date: /home/jayanth/ros2_mock_ws/install/mock_serial_robot/share/mock_serial_robot/local_setup.dsv
-- Installing: /home/jayanth/ros2_mock_ws/install/mock_serial_robot/share/mock_serial_robot/package.dsv
-- Up-to-date: /home/jayanth/ros2_mock_ws/install/mock_serial_robot/share/ament_index/resource_index/packages/mock_serial_robot
-- Up-to-date: /home/jayanth/ros2_mock_ws/install/mock_serial_robot/share/ament_index/resource_index/hardware_interface__pluginlib__plugin/mock_serial_robot
-- Up-to-date: /home/jayanth/ros2_mock_ws/install/mock_serial_robot/share/mock_serial_robot/cmake/mock_serial_robotConfig.cmake
-- Up-to-date: /home/jayanth/ros2_mock_ws/install/mock_serial_robot/share/mock_serial_robot/cmake/mock_serial_robotConfig-version.cmake
-- Up-to-date: /home/jayanth/ros2_mock_ws/install/mock_serial_robot/share/mock_serial_robot/package.xml
