[0.012s] Invoking command in '/home/jayanth/ros2_mock_ws/build/mock_serial_robot': CMAKE_PREFIX_PATH=${CMAKE_PREFIX_PATH}:/opt/ros/humble /usr/bin/cmake --build /home/jayanth/ros2_mock_ws/build/mock_serial_robot -- -j4 -l4
[0.071s] [100%] Built target mock_system
[0.083s] Invoked command in '/home/jayanth/ros2_mock_ws/build/mock_serial_robot' returned '0': CMAKE_PREFIX_PATH=${CMAKE_PREFIX_PATH}:/opt/ros/humble /usr/bin/cmake --build /home/jayanth/ros2_mock_ws/build/mock_serial_robot -- -j4 -l4
[0.094s] Invoking command in '/home/jayanth/ros2_mock_ws/build/mock_serial_robot': CMAKE_PREFIX_PATH=${CMAKE_PREFIX_PATH}:/opt/ros/humble /usr/bin/cmake --install /home/jayanth/ros2_mock_ws/build/mock_serial_robot
[0.101s] -- Install configuration: ""
[0.102s] -- Up-to-date: /home/jayanth/ros2_mock_ws/install/mock_serial_robot/share/mock_serial_robot/mock_system_plugin.xml
[0.102s] -- Up-to-date: /home/jayanth/ros2_mock_ws/install/mock_serial_robot/lib/libmock_system.so
[0.102s] -- Up-to-date: /home/jayanth/ros2_mock_ws/install/mock_serial_robot/include
[0.102s] -- Up-to-date: /home/jayanth/ros2_mock_ws/install/mock_serial_robot/include/mock_serial_robot
[0.102s] -- Up-to-date: /home/jayanth/ros2_mock_ws/install/mock_serial_robot/include/mock_serial_robot/mock_system.hpp
[0.102s] -- Up-to-date: /home/jayanth/ros2_mock_ws/install/mock_serial_robot/include/mock_serial_robot/mock_driver.hpp
[0.102s] -- Up-to-date: /home/jayanth/ros2_mock_ws/install/mock_serial_robot/share/mock_serial_robot/mock_system_plugin.xml
[0.103s] -- Up-to-date: /home/jayanth/ros2_mock_ws/install/mock_serial_robot/share/mock_serial_robot/launch
[0.103s] -- Up-to-date: /home/jayanth/ros2_mock_ws/install/mock_serial_robot/share/mock_serial_robot/launch/mock_robot.launch.py
[0.103s] -- Up-to-date: /home/jayanth/ros2_mock_ws/install/mock_serial_robot/share/mock_serial_robot/urdf
[0.103s] -- Up-to-date: /home/jayanth/ros2_mock_ws/install/mock_serial_robot/share/mock_serial_robot/urdf/mock_robot.urdf.xacro
[0.103s] -- Up-to-date: /home/jayanth/ros2_mock_ws/install/mock_serial_robot/share/mock_serial_robot/config
[0.103s] -- Installing: /home/jayanth/ros2_mock_ws/install/mock_serial_robot/share/mock_serial_robot/config/controllers.yaml
[0.104s] -- Up-to-date: /home/jayanth/ros2_mock_ws/install/mock_serial_robot/share/ament_index/resource_index/package_run_dependencies/mock_serial_robot
[0.104s] -- Up-to-date: /home/jayanth/ros2_mock_ws/install/mock_serial_robot/share/ament_index/resource_index/parent_prefix_path/mock_serial_robot
[0.104s] -- Up-to-date: /home/jayanth/ros2_mock_ws/install/mock_serial_robot/share/mock_serial_robot/environment/ament_prefix_path.sh
[0.104s] -- Up-to-date: /home/jayanth/ros2_mock_ws/install/mock_serial_robot/share/mock_serial_robot/environment/ament_prefix_path.dsv
[0.104s] -- Up-to-date: /home/jayanth/ros2_mock_ws/install/mock_serial_robot/share/mock_serial_robot/environment/path.sh
[0.104s] -- Up-to-date: /home/jayanth/ros2_mock_ws/install/mock_serial_robot/share/mock_serial_robot/environment/path.dsv
[0.104s] -- Up-to-date: /home/jayanth/ros2_mock_ws/install/mock_serial_robot/share/mock_serial_robot/local_setup.bash
[0.105s] -- Up-to-date: /home/jayanth/ros2_mock_ws/install/mock_serial_robot/share/mock_serial_robot/local_setup.sh
[0.105s] -- Up-to-date: /home/jayanth/ros2_mock_ws/install/mock_serial_robot/share/mock_serial_robot/local_setup.zsh
[0.105s] -- Up-to-date: /home/jayanth/ros2_mock_ws/install/mock_serial_robot/share/mock_serial_robot/local_setup.dsv
[0.105s] -- Installing: /home/jayanth/ros2_mock_ws/install/mock_serial_robot/share/mock_serial_robot/package.dsv
[0.105s] -- Up-to-date: /home/jayanth/ros2_mock_ws/install/mock_serial_robot/share/ament_index/resource_index/packages/mock_serial_robot
[0.105s] -- Up-to-date: /home/jayanth/ros2_mock_ws/install/mock_serial_robot/share/ament_index/resource_index/hardware_interface__pluginlib__plugin/mock_serial_robot
[0.105s] -- Up-to-date: /home/jayanth/ros2_mock_ws/install/mock_serial_robot/share/mock_serial_robot/cmake/mock_serial_robotConfig.cmake
[0.105s] -- Up-to-date: /home/jayanth/ros2_mock_ws/install/mock_serial_robot/share/mock_serial_robot/cmake/mock_serial_robotConfig-version.cmake
[0.106s] -- Up-to-date: /home/jayanth/ros2_mock_ws/install/mock_serial_robot/share/mock_serial_robot/package.xml
[0.107s] Invoked command in '/home/jayanth/ros2_mock_ws/build/mock_serial_robot' returned '0': CMAKE_PREFIX_PATH=${CMAKE_PREFIX_PATH}:/opt/ros/humble /usr/bin/cmake --install /home/jayanth/ros2_mock_ws/build/mock_serial_robot
