[0.012s] Invoking command in '/home/jayanth/ros2_mock_ws/build/mock_serial_robot': CMAKE_PREFIX_PATH=${CMAKE_PREFIX_PATH}:/opt/ros/humble /usr/bin/cmake --build /home/jayanth/ros2_mock_ws/build/mock_serial_robot -- -j4 -l4
[0.039s] -- Found ament_cmake: 1.3.12 (/opt/ros/humble/share/ament_cmake/cmake)
[0.169s] -- Found rclcpp: 16.0.15 (/opt/ros/humble/share/rclcpp/cmake)
[0.199s] -- Found rosidl_generator_c: 3.1.7 (/opt/ros/humble/share/rosidl_generator_c/cmake)
[0.201s] -- Found rosidl_adapter: 3.1.7 (/opt/ros/humble/share/rosidl_adapter/cmake)
[0.208s] -- Found rosidl_generator_cpp: 3.1.7 (/opt/ros/humble/share/rosidl_generator_cpp/cmake)
[0.218s] -- Using all available rosidl_typesupport_c: rosidl_typesupport_fastrtps_c;rosidl_typesupport_introspection_c
[0.231s] -- Using all available rosidl_typesupport_cpp: rosidl_typesupport_fastrtps_cpp;rosidl_typesupport_introspection_cpp
[0.266s] -- Found rmw_implementation_cmake: 6.1.2 (/opt/ros/humble/share/rmw_implementation_cmake/cmake)
[0.267s] -- Found rmw_fastrtps_cpp: 6.2.8 (/opt/ros/humble/share/rmw_fastrtps_cpp/cmake)
[0.379s] -- Using RMW implementation 'rmw_fastrtps_cpp' as default
[0.431s] -- Found hardware_interface: 2.52.0 (/opt/ros/humble/share/hardware_interface/cmake)
[0.571s] -- Found ros2_control: 2.52.0 (/opt/ros/humble/share/ros2_control/cmake)
[0.641s] -- Configuring done
[0.654s] -- Generating done
[0.659s] -- Build files have been written to: /home/jayanth/ros2_mock_ws/build/mock_serial_robot
[0.686s] [35m[1mConsolidate compiler generated dependencies of target mock_system[0m
[0.704s] [100%] Built target mock_system
[0.716s] Invoked command in '/home/jayanth/ros2_mock_ws/build/mock_serial_robot' returned '0': CMAKE_PREFIX_PATH=${CMAKE_PREFIX_PATH}:/opt/ros/humble /usr/bin/cmake --build /home/jayanth/ros2_mock_ws/build/mock_serial_robot -- -j4 -l4
[0.726s] Invoking command in '/home/jayanth/ros2_mock_ws/build/mock_serial_robot': CMAKE_PREFIX_PATH=${CMAKE_PREFIX_PATH}:/opt/ros/humble /usr/bin/cmake --install /home/jayanth/ros2_mock_ws/build/mock_serial_robot
[0.734s] -- Install configuration: ""
[0.735s] -- Up-to-date: /home/jayanth/ros2_mock_ws/install/mock_serial_robot/share/mock_serial_robot/mock_system_plugin.xml
[0.735s] -- Up-to-date: /home/jayanth/ros2_mock_ws/install/mock_serial_robot/lib/libmock_system.so
[0.735s] -- Up-to-date: /home/jayanth/ros2_mock_ws/install/mock_serial_robot/include
[0.735s] -- Up-to-date: /home/jayanth/ros2_mock_ws/install/mock_serial_robot/include/mock_serial_robot
[0.735s] -- Up-to-date: /home/jayanth/ros2_mock_ws/install/mock_serial_robot/include/mock_serial_robot/mock_system.hpp
[0.735s] -- Up-to-date: /home/jayanth/ros2_mock_ws/install/mock_serial_robot/include/mock_serial_robot/mock_driver.hpp
[0.736s] -- Up-to-date: /home/jayanth/ros2_mock_ws/install/mock_serial_robot/share/mock_serial_robot/mock_system_plugin.xml
[0.736s] -- Up-to-date: /home/jayanth/ros2_mock_ws/install/mock_serial_robot/share/mock_serial_robot/
[0.736s] -- Up-to-date: /home/jayanth/ros2_mock_ws/install/mock_serial_robot/share/mock_serial_robot//mock_robot.launch.py
[0.736s] -- Up-to-date: /home/jayanth/ros2_mock_ws/install/mock_serial_robot/share/mock_serial_robot/
[0.736s] -- Up-to-date: /home/jayanth/ros2_mock_ws/install/mock_serial_robot/share/mock_serial_robot//mock_robot.urdf.xacro
[0.736s] -- Up-to-date: /home/jayanth/ros2_mock_ws/install/mock_serial_robot/share/ament_index/resource_index/package_run_dependencies/mock_serial_robot
[0.736s] -- Installing: /home/jayanth/ros2_mock_ws/install/mock_serial_robot/share/ament_index/resource_index/parent_prefix_path/mock_serial_robot
[0.736s] -- Up-to-date: /home/jayanth/ros2_mock_ws/install/mock_serial_robot/share/mock_serial_robot/environment/ament_prefix_path.sh
[0.736s] -- Installing: /home/jayanth/ros2_mock_ws/install/mock_serial_robot/share/mock_serial_robot/environment/ament_prefix_path.dsv
[0.737s] -- Up-to-date: /home/jayanth/ros2_mock_ws/install/mock_serial_robot/share/mock_serial_robot/environment/path.sh
[0.737s] -- Installing: /home/jayanth/ros2_mock_ws/install/mock_serial_robot/share/mock_serial_robot/environment/path.dsv
[0.737s] -- Up-to-date: /home/jayanth/ros2_mock_ws/install/mock_serial_robot/share/mock_serial_robot/local_setup.bash
[0.737s] -- Up-to-date: /home/jayanth/ros2_mock_ws/install/mock_serial_robot/share/mock_serial_robot/local_setup.sh
[0.737s] -- Up-to-date: /home/jayanth/ros2_mock_ws/install/mock_serial_robot/share/mock_serial_robot/local_setup.zsh
[0.737s] -- Installing: /home/jayanth/ros2_mock_ws/install/mock_serial_robot/share/mock_serial_robot/local_setup.dsv
[0.737s] -- Installing: /home/jayanth/ros2_mock_ws/install/mock_serial_robot/share/mock_serial_robot/package.dsv
[0.737s] -- Up-to-date: /home/jayanth/ros2_mock_ws/install/mock_serial_robot/share/ament_index/resource_index/packages/mock_serial_robot
[0.737s] -- Up-to-date: /home/jayanth/ros2_mock_ws/install/mock_serial_robot/share/ament_index/resource_index/hardware_interface__pluginlib__plugin/mock_serial_robot
[0.738s] -- Up-to-date: /home/jayanth/ros2_mock_ws/install/mock_serial_robot/share/mock_serial_robot/cmake/mock_serial_robotConfig.cmake
[0.738s] -- Up-to-date: /home/jayanth/ros2_mock_ws/install/mock_serial_robot/share/mock_serial_robot/cmake/mock_serial_robotConfig-version.cmake
[0.738s] -- Up-to-date: /home/jayanth/ros2_mock_ws/install/mock_serial_robot/share/mock_serial_robot/package.xml
[0.740s] Invoked command in '/home/jayanth/ros2_mock_ws/build/mock_serial_robot' returned '0': CMAKE_PREFIX_PATH=${CMAKE_PREFIX_PATH}:/opt/ros/humble /usr/bin/cmake --install /home/jayanth/ros2_mock_ws/build/mock_serial_robot
