[0.013s] Invoking command in '/home/jayanth/ros2_mock_ws/build/mock_serial_robot': CMAKE_PREFIX_PATH=${CMAKE_PREFIX_PATH}:/opt/ros/humble /usr/bin/cmake /home/jayanth/ros2_mock_ws/src/mock_serial_robot -DCMAKE_INSTALL_PREFIX=/home/jayanth/ros2_mock_ws/install/mock_serial_robot
[0.070s] -- The C compiler identification is GNU 11.4.0
[0.143s] -- The CXX compiler identification is GNU 11.4.0
[0.150s] -- Detecting C compiler ABI info
[0.221s] -- Detecting C compiler ABI info - done
[0.230s] -- Check for working C compiler: /usr/bin/cc - skipped
[0.230s] -- Detecting C compile features
[0.231s] -- Detecting C compile features - done
[0.234s] -- Detecting CXX compiler ABI info
[0.319s] -- Detecting CXX compiler ABI info - done
[0.330s] -- Check for working CXX compiler: /usr/bin/c++ - skipped
[0.331s] -- Detecting CXX compile features
[0.332s] -- Detecting CXX compile features - done
[0.336s] -- Found ament_cmake: 1.3.12 (/opt/ros/humble/share/ament_cmake/cmake)
[0.498s] -- Found Python3: /usr/bin/python3 (found version "3.10.12") found components: Interpreter 
[0.599s] -- Found rclcpp: 16.0.15 (/opt/ros/humble/share/rclcpp/cmake)
[0.648s] -- Found rosidl_generator_c: 3.1.7 (/opt/ros/humble/share/rosidl_generator_c/cmake)
[0.654s] -- Found rosidl_adapter: 3.1.7 (/opt/ros/humble/share/rosidl_adapter/cmake)
[0.663s] -- Found rosidl_generator_cpp: 3.1.7 (/opt/ros/humble/share/rosidl_generator_cpp/cmake)
[0.676s] -- Using all available rosidl_typesupport_c: rosidl_typesupport_fastrtps_c;rosidl_typesupport_introspection_c
[0.695s] -- Using all available rosidl_typesupport_cpp: rosidl_typesupport_fastrtps_cpp;rosidl_typesupport_introspection_cpp
[0.747s] -- Found rmw_implementation_cmake: 6.1.2 (/opt/ros/humble/share/rmw_implementation_cmake/cmake)
[0.750s] -- Found rmw_fastrtps_cpp: 6.2.8 (/opt/ros/humble/share/rmw_fastrtps_cpp/cmake)
[0.849s] -- Found OpenSSL: /usr/lib/x86_64-linux-gnu/libcrypto.so (found version "3.0.2")  
[0.879s] -- Found FastRTPS: /opt/ros/humble/include  
[0.924s] -- Using RMW implementation 'rmw_fastrtps_cpp' as default
[0.935s] -- Looking for pthread.h
[1.008s] -- Looking for pthread.h - found
[1.009s] -- Performing Test CMAKE_HAVE_LIBC_PTHREAD
[1.089s] -- Performing Test CMAKE_HAVE_LIBC_PTHREAD - Success
[1.090s] -- Found Threads: TRUE  
[1.150s] -- Found hardware_interface: 2.52.0 (/opt/ros/humble/share/hardware_interface/cmake)
[1.320s] -- Found ros2_control: 2.52.0 (/opt/ros/humble/share/ros2_control/cmake)
[1.391s] -- Configuring done
[1.408s] -- Generating done
[1.416s] -- Build files have been written to: /home/jayanth/ros2_mock_ws/build/mock_serial_robot
[1.427s] Invoked command in '/home/jayanth/ros2_mock_ws/build/mock_serial_robot' returned '0': CMAKE_PREFIX_PATH=${CMAKE_PREFIX_PATH}:/opt/ros/humble /usr/bin/cmake /home/jayanth/ros2_mock_ws/src/mock_serial_robot -DCMAKE_INSTALL_PREFIX=/home/jayanth/ros2_mock_ws/install/mock_serial_robot
[1.430s] Invoking command in '/home/jayanth/ros2_mock_ws/build/mock_serial_robot': CMAKE_PREFIX_PATH=${CMAKE_PREFIX_PATH}:/opt/ros/humble /usr/bin/cmake --build /home/jayanth/ros2_mock_ws/build/mock_serial_robot -- -j4 -l4
[1.482s] [ 50%] [32mBuilding CXX object CMakeFiles/mock_system.dir/src/mock_system.cpp.o[0m
[4.957s] [100%] [32m[1mLinking CXX shared library libmock_system.so[0m
[5.108s] [100%] Built target mock_system
[5.120s] Invoked command in '/home/jayanth/ros2_mock_ws/build/mock_serial_robot' returned '0': CMAKE_PREFIX_PATH=${CMAKE_PREFIX_PATH}:/opt/ros/humble /usr/bin/cmake --build /home/jayanth/ros2_mock_ws/build/mock_serial_robot -- -j4 -l4
[5.130s] Invoking command in '/home/jayanth/ros2_mock_ws/build/mock_serial_robot': CMAKE_PREFIX_PATH=${CMAKE_PREFIX_PATH}:/opt/ros/humble /usr/bin/cmake --install /home/jayanth/ros2_mock_ws/build/mock_serial_robot
[5.138s] -- Install configuration: ""
[5.138s] -- Installing: /home/jayanth/ros2_mock_ws/install/mock_serial_robot/share/mock_serial_robot/mock_system_plugin.xml
[5.138s] -- Installing: /home/jayanth/ros2_mock_ws/install/mock_serial_robot/lib/libmock_system.so
[5.139s] -- Set runtime path of "/home/jayanth/ros2_mock_ws/install/mock_serial_robot/lib/libmock_system.so" to ""
[5.140s] -- Installing: /home/jayanth/ros2_mock_ws/install/mock_serial_robot/include
[5.140s] -- Installing: /home/jayanth/ros2_mock_ws/install/mock_serial_robot/include/mock_serial_robot
[5.140s] -- Installing: /home/jayanth/ros2_mock_ws/install/mock_serial_robot/include/mock_serial_robot/mock_system.hpp
[5.140s] -- Installing: /home/jayanth/ros2_mock_ws/install/mock_serial_robot/include/mock_serial_robot/mock_driver.hpp
[5.140s] -- Up-to-date: /home/jayanth/ros2_mock_ws/install/mock_serial_robot/share/mock_serial_robot/mock_system_plugin.xml
[5.141s] -- Up-to-date: /home/jayanth/ros2_mock_ws/install/mock_serial_robot/share/mock_serial_robot/
[5.141s] -- Installing: /home/jayanth/ros2_mock_ws/install/mock_serial_robot/share/mock_serial_robot//mock_robot.launch.py
[5.141s] -- Up-to-date: /home/jayanth/ros2_mock_ws/install/mock_serial_robot/share/mock_serial_robot/
[5.141s] -- Installing: /home/jayanth/ros2_mock_ws/install/mock_serial_robot/share/mock_serial_robot//mock_robot.urdf.xacro
[5.141s] -- Installing: /home/jayanth/ros2_mock_ws/install/mock_serial_robot/share/ament_index/resource_index/package_run_dependencies/mock_serial_robot
[5.141s] -- Installing: /home/jayanth/ros2_mock_ws/install/mock_serial_robot/share/ament_index/resource_index/parent_prefix_path/mock_serial_robot
[5.141s] -- Installing: /home/jayanth/ros2_mock_ws/install/mock_serial_robot/share/mock_serial_robot/environment/ament_prefix_path.sh
[5.141s] -- Installing: /home/jayanth/ros2_mock_ws/install/mock_serial_robot/share/mock_serial_robot/environment/ament_prefix_path.dsv
[5.141s] -- Installing: /home/jayanth/ros2_mock_ws/install/mock_serial_robot/share/mock_serial_robot/environment/path.sh
[5.142s] -- Installing: /home/jayanth/ros2_mock_ws/install/mock_serial_robot/share/mock_serial_robot/environment/path.dsv
[5.142s] -- Installing: /home/jayanth/ros2_mock_ws/install/mock_serial_robot/share/mock_serial_robot/local_setup.bash
[5.142s] -- Installing: /home/jayanth/ros2_mock_ws/install/mock_serial_robot/share/mock_serial_robot/local_setup.sh
[5.142s] -- Installing: /home/jayanth/ros2_mock_ws/install/mock_serial_robot/share/mock_serial_robot/local_setup.zsh
[5.142s] -- Installing: /home/jayanth/ros2_mock_ws/install/mock_serial_robot/share/mock_serial_robot/local_setup.dsv
[5.142s] -- Installing: /home/jayanth/ros2_mock_ws/install/mock_serial_robot/share/mock_serial_robot/package.dsv
[5.142s] -- Installing: /home/jayanth/ros2_mock_ws/install/mock_serial_robot/share/ament_index/resource_index/packages/mock_serial_robot
[5.143s] -- Installing: /home/jayanth/ros2_mock_ws/install/mock_serial_robot/share/ament_index/resource_index/hardware_interface__pluginlib__plugin/mock_serial_robot
[5.143s] -- Installing: /home/jayanth/ros2_mock_ws/install/mock_serial_robot/share/mock_serial_robot/cmake/mock_serial_robotConfig.cmake
[5.143s] -- Installing: /home/jayanth/ros2_mock_ws/install/mock_serial_robot/share/mock_serial_robot/cmake/mock_serial_robotConfig-version.cmake
[5.143s] -- Installing: /home/jayanth/ros2_mock_ws/install/mock_serial_robot/share/mock_serial_robot/package.xml
[5.145s] Invoked command in '/home/jayanth/ros2_mock_ws/build/mock_serial_robot' returned '0': CMAKE_PREFIX_PATH=${CMAKE_PREFIX_PATH}:/opt/ros/humble /usr/bin/cmake --install /home/jayanth/ros2_mock_ws/build/mock_serial_robot
